<?xml version="1.0" encoding="UTF-8"?>
<testsuite name="com.klagan.pvptariffservice.infrastructure.in.rest.PvpTariffIntegrationTests" tests="1" skipped="0" failures="0" errors="0" timestamp="2024-02-20T01:23:27" hostname="DESKTOP-0TSEDKM" time="1.117">
  <properties/>
  <testcase name="testRequestAt21PMOnDay16()" classname="com.klagan.pvptariffservice.infrastructure.in.rest.PvpTariffIntegrationTests" time="1.117"/>
  <system-out><![CDATA[20:23:21.159 [Test worker] INFO org.springframework.test.context.support.AnnotationConfigContextLoaderUtils -- Could not detect default configuration classes for test class [com.klagan.pvptariffservice.infrastructure.in.rest.PvpTariffIntegrationTests]: PvpTariffIntegrationTests does not declare any static, non-private, non-final, nested classes annotated with @Configuration.
20:23:21.325 [Test worker] INFO org.springframework.boot.test.context.SpringBootTestContextBootstrapper -- Found @SpringBootConfiguration com.klagan.pvptariffservice.PvpTariffaServiceApplication for test class com.klagan.pvptariffservice.infrastructure.in.rest.PvpTariffIntegrationTests

  .   ____          _            __ _ _
 /\\ / ___'_ __ _ _(_)_ __  __ _ \ \ \ \
( ( )\___ | '_ | '_| | '_ \/ _` | \ \ \ \
 \\/  ___)| |_)| | | | | || (_| |  ) ) ) )
  '  |____| .__|_| |_|_| |_\__, | / / / /
 =========|_|==============|___/=/_/_/_/
 :: Spring Boot ::                (v3.2.2)

2024-02-19T20:23:21.850-05:00  INFO 38716 --- [    Test worker] c.k.p.i.i.r.PvpTariffIntegrationTests    : Starting PvpTariffIntegrationTests using Java 17.0.8 with PID 38716 (started by codebits in C:\Users\codebits\Documents\pvp-tariff-service)
2024-02-19T20:23:21.852-05:00  INFO 38716 --- [    Test worker] c.k.p.i.i.r.PvpTariffIntegrationTests    : No active profile set, falling back to 1 default profile: "default"
2024-02-19T20:23:22.640-05:00  INFO 38716 --- [    Test worker] .s.d.r.c.RepositoryConfigurationDelegate : Bootstrapping Spring Data JPA repositories in DEFAULT mode.
2024-02-19T20:23:22.711-05:00  INFO 38716 --- [    Test worker] .s.d.r.c.RepositoryConfigurationDelegate : Finished Spring Data repository scanning in 58 ms. Found 1 JPA repository interface.
2024-02-19T20:23:23.384-05:00  INFO 38716 --- [    Test worker] o.s.b.w.embedded.tomcat.TomcatWebServer  : Tomcat initialized with port 0 (http)
2024-02-19T20:23:23.397-05:00  INFO 38716 --- [    Test worker] o.apache.catalina.core.StandardService   : Starting service [Tomcat]
2024-02-19T20:23:23.397-05:00  INFO 38716 --- [    Test worker] o.apache.catalina.core.StandardEngine    : Starting Servlet engine: [Apache Tomcat/10.1.18]
2024-02-19T20:23:23.497-05:00  INFO 38716 --- [    Test worker] o.a.c.c.C.[Tomcat].[localhost].[/]       : Initializing Spring embedded WebApplicationContext
2024-02-19T20:23:23.499-05:00  INFO 38716 --- [    Test worker] w.s.c.ServletWebServerApplicationContext : Root WebApplicationContext: initialization completed in 1617 ms
2024-02-19T20:23:23.540-05:00  INFO 38716 --- [    Test worker] com.zaxxer.hikari.HikariDataSource       : HikariPool-1 - Starting...
2024-02-19T20:23:23.790-05:00  INFO 38716 --- [    Test worker] com.zaxxer.hikari.pool.HikariPool        : HikariPool-1 - Added connection conn0: url=jdbc:h2:mem:testdb user=SA
2024-02-19T20:23:23.793-05:00  INFO 38716 --- [    Test worker] com.zaxxer.hikari.HikariDataSource       : HikariPool-1 - Start completed.
2024-02-19T20:23:23.807-05:00  INFO 38716 --- [    Test worker] o.s.b.a.h2.H2ConsoleAutoConfiguration    : H2 console available at '/h2-console'. Database available at 'jdbc:h2:mem:testdb'
2024-02-19T20:23:23.991-05:00  INFO 38716 --- [    Test worker] o.hibernate.jpa.internal.util.LogHelper  : HHH000204: Processing PersistenceUnitInfo [name: default]
2024-02-19T20:23:24.079-05:00  INFO 38716 --- [    Test worker] org.hibernate.Version                    : HHH000412: Hibernate ORM core version 6.4.1.Final
2024-02-19T20:23:24.132-05:00  INFO 38716 --- [    Test worker] o.h.c.internal.RegionFactoryInitiator    : HHH000026: Second-level cache disabled
2024-02-19T20:23:24.484-05:00  INFO 38716 --- [    Test worker] o.s.o.j.p.SpringPersistenceUnitInfo      : No LoadTimeWeaver setup: ignoring JPA class transformer
2024-02-19T20:23:24.549-05:00  WARN 38716 --- [    Test worker] org.hibernate.orm.deprecation            : HHH90000025: H2Dialect does not need to be specified explicitly using 'hibernate.dialect' (remove the property setting and it will be selected by default)
2024-02-19T20:23:25.534-05:00  INFO 38716 --- [    Test worker] o.h.e.t.j.p.i.JtaPlatformInitiator       : HHH000489: No JTA platform available (set 'hibernate.transaction.jta.platform' to enable JTA platform integration)
Hibernate: drop table if exists brands cascade 
Hibernate: drop table if exists prices cascade 
Hibernate: create table brands (id bigint generated by default as identity, name varchar(255), primary key (id))
Hibernate: create table prices (price numeric(38,2), priority integer, brand_id bigint, end_date timestamp(6), id bigint generated by default as identity, price_list bigint, product_id bigint, start_date timestamp(6), curr varchar(255), primary key (id))
Hibernate: alter table if exists prices add constraint FKtfkvp7f37rned2mybilsmh5m5 foreign key (brand_id) references brands
Hibernate: INSERT INTO BRANDS (ID, NAME) VALUES (1, 'ZARA')
Hibernate: INSERT INTO PRICES (BRAND_ID, START_DATE, END_DATE, PRICE_LIST, PRODUCT_ID, PRIORITY, PRICE, CURR) VALUES (1, '2020-06-14 00:00:00', '2020-12-31 23:59:59', 1, 35455, 0, 35.50, 'EUR')
Hibernate: INSERT INTO PRICES (BRAND_ID, START_DATE, END_DATE, PRICE_LIST, PRODUCT_ID, PRIORITY, PRICE, CURR) VALUES (1, '2020-06-14 15:00:00', '2020-06-14 18:30:00', 1, 35455, 1, 25.45, 'EUR')
Hibernate: INSERT INTO PRICES (BRAND_ID, START_DATE, END_DATE, PRICE_LIST, PRODUCT_ID, PRIORITY, PRICE, CURR) VALUES (1, '2020-06-15 00:00:00', '2020-06-15 11:00:00', 3, 35455, 1, 30.50, 'EUR')
Hibernate: INSERT INTO PRICES (BRAND_ID, START_DATE, END_DATE, PRICE_LIST, PRODUCT_ID, PRIORITY, PRICE, CURR) VALUES (1, '2020-06-15 16:00:00', '2020-12-31 23:59:59', 4, 35455, 1, 38.95, 'EUR')
2024-02-19T20:23:25.604-05:00  INFO 38716 --- [    Test worker] j.LocalContainerEntityManagerFactoryBean : Initialized JPA EntityManagerFactory for persistence unit 'default'
2024-02-19T20:23:25.932-05:00  INFO 38716 --- [    Test worker] o.s.d.j.r.query.QueryEnhancerFactory     : Hibernate is in classpath; If applicable, HQL parser will be used.
2024-02-19T20:23:26.516-05:00  WARN 38716 --- [    Test worker] JpaBaseConfiguration$JpaWebConfiguration : spring.jpa.open-in-view is enabled by default. Therefore, database queries may be performed during view rendering. Explicitly configure spring.jpa.open-in-view to disable this warning
2024-02-19T20:23:27.002-05:00  INFO 38716 --- [    Test worker] o.s.b.w.embedded.tomcat.TomcatWebServer  : Tomcat started on port 50489 (http) with context path ''
2024-02-19T20:23:27.014-05:00  INFO 38716 --- [    Test worker] c.k.p.i.i.r.PvpTariffIntegrationTests    : Started PvpTariffIntegrationTests in 5.504 seconds (process running for 6.885)
2024-02-19T20:23:27.794-05:00  INFO 38716 --- [o-auto-1-exec-1] o.a.c.c.C.[Tomcat].[localhost].[/]       : Initializing Spring DispatcherServlet 'dispatcherServlet'
2024-02-19T20:23:27.794-05:00  INFO 38716 --- [o-auto-1-exec-1] o.s.web.servlet.DispatcherServlet        : Initializing Servlet 'dispatcherServlet'
2024-02-19T20:23:27.796-05:00  INFO 38716 --- [o-auto-1-exec-1] o.s.web.servlet.DispatcherServlet        : Completed initialization in 1 ms
2024-02-19T20:23:27.837-05:00  INFO 38716 --- [o-auto-1-exec-1] c.k.p.i.in.rest.PvpTariffController      : find by price tariff in controller date: 2020-06-16T21:00:00 product: 35455 brand:1
2024-02-19T20:23:27.837-05:00  INFO 38716 --- [o-auto-1-exec-1] java.util.Date                           : Start parse date from : 2020-06-16T21:00:00
2024-02-19T20:23:27.839-05:00  INFO 38716 --- [o-auto-1-exec-1] c.k.p.application.service.PvpTariff      : Start find pvp tariff date Tue Jun 16 21:00:00 COT 2020 id product 35455 bran id 1 
2024-02-19T20:23:27.839-05:00  INFO 38716 --- [o-auto-1-exec-1] c.k.p.domain.services.PvpTariffService   : Start query find pvp tariff date Tue Jun 16 21:00:00 COT 2020 id product 35455 bran id 1 
Hibernate: select pte1_0.id,pte1_0.brand_id,pte1_0.curr,pte1_0.end_date,pte1_0.price,pte1_0.price_list,pte1_0.priority,pte1_0.product_id,pte1_0.start_date from prices pte1_0 where ? between pte1_0.start_date and pte1_0.end_date and pte1_0.product_id=? and pte1_0.brand_id=? order by pte1_0.priority desc
Hibernate: select be1_0.id,be1_0.name from brands be1_0 where be1_0.id=?
2024-02-19T20:23:28.014-05:00  INFO 38716 --- [o-auto-1-exec-1] .k.p.i.o.p.PvpTariffPersistenceHibernate : Start transform to model 1 date 2020-06-15 16:00:00.0
2024-02-19T20:23:28.015-05:00  INFO 38716 --- [o-auto-1-exec-1] .k.p.i.o.p.PvpTariffPersistenceHibernate : Start transform to model 0 date 2020-06-14 00:00:00.0
]]></system-out>
  <system-err><![CDATA[]]></system-err>
</testsuite>
